<?xml version="1.0" encoding="UTF-8"?>
<coverage generated="1732032757544" clover="3.2.0">
  <project timestamp="1732032757544" name="All files">
    <metrics statements="29" coveredstatements="29" conditionals="14" coveredconditionals="13" methods="15" coveredmethods="15" elements="58" coveredelements="57" complexity="0" loc="29" ncloc="29" packages="3" files="8" classes="8"/>
    <package name="api">
      <metrics statements="6" coveredstatements="6" conditionals="2" coveredconditionals="2" methods="3" coveredmethods="3"/>
      <file name="characters-api.js" path="C:\Users\amulot\Marvel-App2-main\src\api\characters-api.js">
        <metrics statements="6" coveredstatements="6" conditionals="2" coveredconditionals="2" methods="3" coveredmethods="3"/>
        <line num="8" count="1" type="stmt"/>
        <line num="17" count="1" type="stmt"/>
        <line num="18" count="3" type="stmt"/>
        <line num="19" count="2" type="cond" truecount="2" falsecount="0"/>
        <line num="20" count="1" type="stmt"/>
        <line num="22" count="1" type="stmt"/>
      </file>
    </package>
    <package name="components">
      <metrics statements="7" coveredstatements="7" conditionals="12" coveredconditionals="11" methods="4" coveredmethods="4"/>
      <file name="CharacterDetail.jsx" path="C:\Users\amulot\Marvel-App2-main\src\components\CharacterDetail.jsx">
        <metrics statements="3" coveredstatements="3" conditionals="6" coveredconditionals="6" methods="1" coveredmethods="1"/>
        <line num="5" count="2" type="stmt"/>
        <line num="6" count="4" type="stmt"/>
        <line num="8" count="4" type="stmt"/>
      </file>
      <file name="CharactersList.jsx" path="C:\Users\amulot\Marvel-App2-main\src\components\CharactersList.jsx">
        <metrics statements="2" coveredstatements="2" conditionals="1" coveredconditionals="1" methods="2" coveredmethods="2"/>
        <line num="5" count="3" type="stmt"/>
        <line num="8" count="2" type="stmt"/>
      </file>
      <file name="NumberOfCharacters.jsx" path="C:\Users\amulot\Marvel-App2-main\src\components\NumberOfCharacters.jsx">
        <metrics statements="2" coveredstatements="2" conditionals="5" coveredconditionals="4" methods="1" coveredmethods="1"/>
        <line num="2" count="4" type="stmt"/>
        <line num="4" count="4" type="stmt"/>
      </file>
    </package>
    <package name="pages">
      <metrics statements="16" coveredstatements="16" conditionals="0" coveredconditionals="0" methods="8" coveredmethods="8"/>
      <file name="AboutPage.jsx" path="C:\Users\amulot\Marvel-App2-main\src\pages\AboutPage.jsx">
        <metrics statements="4" coveredstatements="4" conditionals="0" coveredconditionals="0" methods="2" coveredmethods="2"/>
        <line num="3" count="1" type="stmt"/>
        <line num="5" count="1" type="stmt"/>
        <line num="6" count="1" type="stmt"/>
        <line num="9" count="1" type="stmt"/>
      </file>
      <file name="CharacterDetailPage.jsx" path="C:\Users\amulot\Marvel-App2-main\src\pages\CharacterDetailPage.jsx">
        <metrics statements="3" coveredstatements="3" conditionals="0" coveredconditionals="0" methods="1" coveredmethods="1"/>
        <line num="7" count="1" type="stmt"/>
        <line num="8" count="1" type="stmt"/>
        <line num="10" count="1" type="stmt"/>
      </file>
      <file name="CharactersPage.jsx" path="C:\Users\amulot\Marvel-App2-main\src\pages\CharactersPage.jsx">
        <metrics statements="5" coveredstatements="5" conditionals="0" coveredconditionals="0" methods="3" coveredmethods="3"/>
        <line num="10" count="1" type="stmt"/>
        <line num="12" count="1" type="stmt"/>
        <line num="13" count="1" type="stmt"/>
        <line num="16" count="1" type="stmt"/>
        <line num="21" count="2" type="stmt"/>
      </file>
      <file name="ContactPage.jsx" path="C:\Users\amulot\Marvel-App2-main\src\pages\ContactPage.jsx">
        <metrics statements="4" coveredstatements="4" conditionals="0" coveredconditionals="0" methods="2" coveredmethods="2"/>
        <line num="3" count="1" type="stmt"/>
        <line num="5" count="1" type="stmt"/>
        <line num="6" count="1" type="stmt"/>
        <line num="9" count="1" type="stmt"/>
      </file>
    </package>
  </project>
</coverage>
