{"C:\\Users\\amulot\\Marvel-App2-main\\src\\api\\characters-api.js": {"path":"C:\\Users\\amulot\\Marvel-App2-main\\src\\api\\characters-api.js","statementMap":{"0":{"start":{"line":8,"column":4},"end":{"line":8,"column":22}},"1":{"start":{"line":17,"column":32},"end":{"line":23,"column":1}},"2":{"start":{"line":18,"column":22},"end":{"line":18,"column":73}},"3":{"start":{"line":18,"column":53},"end":{"line":18,"column":72}},"4":{"start":{"line":19,"column":4},"end":{"line":21,"column":5}},"5":{"start":{"line":20,"column":8},"end":{"line":20,"column":61}},"6":{"start":{"line":22,"column":4},"end":{"line":22,"column":21}}},"fnMap":{"0":{"name":"getCharacters","decl":{"start":{"line":7,"column":16},"end":{"line":7,"column":29}},"loc":{"start":{"line":7,"column":32},"end":{"line":9,"column":1}},"line":7},"1":{"name":"(anonymous_1)","decl":{"start":{"line":17,"column":32},"end":{"line":17,"column":33}},"loc":{"start":{"line":17,"column":40},"end":{"line":23,"column":1}},"line":17},"2":{"name":"(anonymous_2)","decl":{"start":{"line":18,"column":38},"end":{"line":18,"column":39}},"loc":{"start":{"line":18,"column":53},"end":{"line":18,"column":72}},"line":18}},"branchMap":{"0":{"loc":{"start":{"line":19,"column":4},"end":{"line":21,"column":5}},"type":"if","locations":[{"start":{"line":19,"column":4},"end":{"line":21,"column":5}},{"start":{},"end":{}}],"line":19}},"s":{"0":1,"1":1,"2":2,"3":3,"4":2,"5":1,"6":1},"f":{"0":1,"1":2,"2":3},"b":{"0":[1,1]},"_coverageSchema":"1a1c01bbd47fc00a2c39e90264f33305004495a9","hash":"6f07d687750949bb15f4f6c32ee6946b94569364"}
,"C:\\Users\\amulot\\Marvel-App2-main\\src\\components\\CharacterDetail.jsx": {"path":"C:\\Users\\amulot\\Marvel-App2-main\\src\\components\\CharacterDetail.jsx","statementMap":{"0":{"start":{"line":5,"column":24},"end":{"line":20,"column":1}},"1":{"start":{"line":6,"column":48},"end":{"line":6,"column":57}},"2":{"start":{"line":8,"column":4},"end":{"line":19,"column":6}}},"fnMap":{"0":{"name":"(anonymous_0)","decl":{"start":{"line":5,"column":24},"end":{"line":5,"column":25}},"loc":{"start":{"line":5,"column":43},"end":{"line":20,"column":1}},"line":5}},"branchMap":{"0":{"loc":{"start":{"line":10,"column":13},"end":{"line":15,"column":13}},"type":"binary-expr","locations":[{"start":{"line":10,"column":13},"end":{"line":10,"column":22}},{"start":{"line":11,"column":16},"end":{"line":14,"column":18}}],"line":10},"1":{"loc":{"start":{"line":16,"column":16},"end":{"line":16,"column":58}},"type":"binary-expr","locations":[{"start":{"line":16,"column":16},"end":{"line":16,"column":27}},{"start":{"line":16,"column":31},"end":{"line":16,"column":58}}],"line":16},"2":{"loc":{"start":{"line":17,"column":16},"end":{"line":17,"column":61}},"type":"binary-expr","locations":[{"start":{"line":17,"column":16},"end":{"line":17,"column":24}},{"start":{"line":17,"column":28},"end":{"line":17,"column":61}}],"line":17}},"s":{"0":2,"1":4,"2":4},"f":{"0":4},"b":{"0":[4,3],"1":[4,1],"2":[4,2]},"_coverageSchema":"1a1c01bbd47fc00a2c39e90264f33305004495a9","hash":"263212f8e7bfa56f9896b8f4e9f56696a21aab9c"}
,"C:\\Users\\amulot\\Marvel-App2-main\\src\\components\\CharactersList.jsx": {"path":"C:\\Users\\amulot\\Marvel-App2-main\\src\\components\\CharactersList.jsx","statementMap":{"0":{"start":{"line":5,"column":4},"end":{"line":17,"column":6}},"1":{"start":{"line":8,"column":16},"end":{"line":14,"column":21}}},"fnMap":{"0":{"name":"CharactersList","decl":{"start":{"line":4,"column":16},"end":{"line":4,"column":30}},"loc":{"start":{"line":4,"column":52},"end":{"line":18,"column":1}},"line":4},"1":{"name":"(anonymous_1)","decl":{"start":{"line":7,"column":28},"end":{"line":7,"column":29}},"loc":{"start":{"line":8,"column":16},"end":{"line":14,"column":21}},"line":8}},"branchMap":{"0":{"loc":{"start":{"line":4,"column":33},"end":{"line":4,"column":48}},"type":"default-arg","locations":[{"start":{"line":4,"column":46},"end":{"line":4,"column":48}}],"line":4}},"s":{"0":3,"1":2},"f":{"0":3,"1":2},"b":{"0":[1]},"_coverageSchema":"1a1c01bbd47fc00a2c39e90264f33305004495a9","hash":"6706b961151f6ecfecf4b9cf89b8e36011a8cc30"}
,"C:\\Users\\amulot\\Marvel-App2-main\\src\\components\\NumberOfCharacters.jsx": {"path":"C:\\Users\\amulot\\Marvel-App2-main\\src\\components\\NumberOfCharacters.jsx","statementMap":{"0":{"start":{"line":2,"column":16},"end":{"line":2,"column":33}},"1":{"start":{"line":4,"column":2},"end":{"line":8,"column":4}}},"fnMap":{"0":{"name":"NumberOfCharacters","decl":{"start":{"line":1,"column":16},"end":{"line":1,"column":34}},"loc":{"start":{"line":1,"column":54},"end":{"line":9,"column":1}},"line":1}},"branchMap":{"0":{"loc":{"start":{"line":1,"column":37},"end":{"line":1,"column":51}},"type":"default-arg","locations":[{"start":{"line":1,"column":49},"end":{"line":1,"column":51}}],"line":1},"1":{"loc":{"start":{"line":6,"column":7},"end":{"line":6,"column":97}},"type":"cond-expr","locations":[{"start":{"line":6,"column":19},"end":{"line":6,"column":71}},{"start":{"line":6,"column":74},"end":{"line":6,"column":97}}],"line":6},"2":{"loc":{"start":{"line":6,"column":49},"end":{"line":6,"column":69}},"type":"cond-expr","locations":[{"start":{"line":6,"column":61},"end":{"line":6,"column":64}},{"start":{"line":6,"column":67},"end":{"line":6,"column":69}}],"line":6}},"s":{"0":4,"1":4},"f":{"0":4},"b":{"0":[1],"1":[2,2],"2":[2,0]},"_coverageSchema":"1a1c01bbd47fc00a2c39e90264f33305004495a9","hash":"a153e7b5f99cb3258d6e5291bc702ee96d58e160"}
,"C:\\Users\\amulot\\Marvel-App2-main\\src\\pages\\AboutPage.jsx": {"path":"C:\\Users\\amulot\\Marvel-App2-main\\src\\pages\\AboutPage.jsx","statementMap":{"0":{"start":{"line":3,"column":18},"end":{"line":17,"column":1}},"1":{"start":{"line":5,"column":4},"end":{"line":7,"column":11}},"2":{"start":{"line":6,"column":6},"end":{"line":6,"column":44}},"3":{"start":{"line":9,"column":2},"end":{"line":16,"column":4}}},"fnMap":{"0":{"name":"(anonymous_0)","decl":{"start":{"line":3,"column":18},"end":{"line":3,"column":19}},"loc":{"start":{"line":3,"column":24},"end":{"line":17,"column":1}},"line":3},"1":{"name":"(anonymous_1)","decl":{"start":{"line":5,"column":14},"end":{"line":5,"column":15}},"loc":{"start":{"line":5,"column":20},"end":{"line":7,"column":5}},"line":5}},"branchMap":{},"s":{"0":1,"1":1,"2":1,"3":1},"f":{"0":1,"1":1},"b":{},"_coverageSchema":"1a1c01bbd47fc00a2c39e90264f33305004495a9","hash":"e6f21d030dce2875e3d7f749183bc79db9049a2f"}
,"C:\\Users\\amulot\\Marvel-App2-main\\src\\pages\\CharacterDetailPage.jsx": {"path":"C:\\Users\\amulot\\Marvel-App2-main\\src\\pages\\CharacterDetailPage.jsx","statementMap":{"0":{"start":{"line":7,"column":28},"end":{"line":16,"column":1}},"1":{"start":{"line":8,"column":22},"end":{"line":8,"column":37}},"2":{"start":{"line":10,"column":4},"end":{"line":15,"column":6}}},"fnMap":{"0":{"name":"(anonymous_0)","decl":{"start":{"line":7,"column":28},"end":{"line":7,"column":29}},"loc":{"start":{"line":7,"column":34},"end":{"line":16,"column":1}},"line":7}},"branchMap":{},"s":{"0":1,"1":1,"2":1},"f":{"0":1},"b":{},"_coverageSchema":"1a1c01bbd47fc00a2c39e90264f33305004495a9","hash":"2088d0a70116504d219139fdfb974629f76a3a0c"}
,"C:\\Users\\amulot\\Marvel-App2-main\\src\\pages\\CharactersPage.jsx": {"path":"C:\\Users\\amulot\\Marvel-App2-main\\src\\pages\\CharactersPage.jsx","statementMap":{"0":{"start":{"line":10,"column":23},"end":{"line":10,"column":38}},"1":{"start":{"line":12,"column":4},"end":{"line":14,"column":11}},"2":{"start":{"line":13,"column":8},"end":{"line":13,"column":38}},"3":{"start":{"line":16,"column":4},"end":{"line":28,"column":6}},"4":{"start":{"line":21,"column":20},"end":{"line":23,"column":25}}},"fnMap":{"0":{"name":"CharactersPage","decl":{"start":{"line":9,"column":24},"end":{"line":9,"column":38}},"loc":{"start":{"line":9,"column":41},"end":{"line":29,"column":1}},"line":9},"1":{"name":"(anonymous_1)","decl":{"start":{"line":12,"column":14},"end":{"line":12,"column":15}},"loc":{"start":{"line":12,"column":20},"end":{"line":14,"column":5}},"line":12},"2":{"name":"(anonymous_2)","decl":{"start":{"line":20,"column":32},"end":{"line":20,"column":33}},"loc":{"start":{"line":21,"column":20},"end":{"line":23,"column":25}},"line":21}},"branchMap":{},"s":{"0":1,"1":1,"2":1,"3":1,"4":2},"f":{"0":1,"1":1,"2":2},"b":{},"_coverageSchema":"1a1c01bbd47fc00a2c39e90264f33305004495a9","hash":"fa8e140eb9c345da71af5ad32a5ce8f84d4d5bd2"}
,"C:\\Users\\amulot\\Marvel-App2-main\\src\\pages\\ContactPage.jsx": {"path":"C:\\Users\\amulot\\Marvel-App2-main\\src\\pages\\ContactPage.jsx","statementMap":{"0":{"start":{"line":3,"column":20},"end":{"line":18,"column":1}},"1":{"start":{"line":5,"column":2},"end":{"line":7,"column":9}},"2":{"start":{"line":6,"column":4},"end":{"line":6,"column":44}},"3":{"start":{"line":9,"column":2},"end":{"line":17,"column":4}}},"fnMap":{"0":{"name":"(anonymous_0)","decl":{"start":{"line":3,"column":20},"end":{"line":3,"column":21}},"loc":{"start":{"line":3,"column":26},"end":{"line":18,"column":1}},"line":3},"1":{"name":"(anonymous_1)","decl":{"start":{"line":5,"column":12},"end":{"line":5,"column":13}},"loc":{"start":{"line":5,"column":18},"end":{"line":7,"column":3}},"line":5}},"branchMap":{},"s":{"0":1,"1":1,"2":1,"3":1},"f":{"0":1,"1":1},"b":{},"_coverageSchema":"1a1c01bbd47fc00a2c39e90264f33305004495a9","hash":"f84a2a1ebbfeaa27b97e8d57e1360598a9dd3df9"}
}
