TN:
SF:src\api\characters-api.js
FN:7,getCharacters
FN:17,(anonymous_1)
FN:18,(anonymous_2)
FNF:3
FNH:3
FNDA:1,getCharacters
FNDA:2,(anonymous_1)
FNDA:3,(anonymous_2)
DA:8,1
DA:17,1
DA:18,3
DA:19,2
DA:20,1
DA:22,1
LF:6
LH:6
BRDA:19,0,0,1
BRDA:19,0,1,1
BRF:2
BRH:2
end_of_record
TN:
SF:src\components\CharacterDetail.jsx
FN:5,(anonymous_0)
FNF:1
FNH:1
FNDA:4,(anonymous_0)
DA:5,2
DA:6,4
DA:8,4
LF:3
LH:3
BRDA:10,0,0,4
BRDA:10,0,1,3
BRDA:16,1,0,4
BRDA:16,1,1,1
BRDA:17,2,0,4
BRDA:17,2,1,2
BRF:6
BRH:6
end_of_record
TN:
SF:src\components\CharactersList.jsx
FN:4,CharactersList
FN:7,(anonymous_1)
FNF:2
FNH:2
FNDA:3,CharactersList
FNDA:2,(anonymous_1)
DA:5,3
DA:8,2
LF:2
LH:2
BRDA:4,0,0,1
BRF:1
BRH:1
end_of_record
TN:
SF:src\components\NumberOfCharacters.jsx
FN:1,NumberOfCharacters
FNF:1
FNH:1
FNDA:4,NumberOfCharacters
DA:2,4
DA:4,4
LF:2
LH:2
BRDA:1,0,0,1
BRDA:6,1,0,2
BRDA:6,1,1,2
BRDA:6,2,0,2
BRDA:6,2,1,0
BRF:5
BRH:4
end_of_record
TN:
SF:src\pages\AboutPage.jsx
FN:3,(anonymous_0)
FN:5,(anonymous_1)
FNF:2
FNH:2
FNDA:1,(anonymous_0)
FNDA:1,(anonymous_1)
DA:3,1
DA:5,1
DA:6,1
DA:9,1
LF:4
LH:4
BRF:0
BRH:0
end_of_record
TN:
SF:src\pages\CharacterDetailPage.jsx
FN:7,(anonymous_0)
FNF:1
FNH:1
FNDA:1,(anonymous_0)
DA:7,1
DA:8,1
DA:10,1
LF:3
LH:3
BRF:0
BRH:0
end_of_record
TN:
SF:src\pages\CharactersPage.jsx
FN:9,CharactersPage
FN:12,(anonymous_1)
FN:20,(anonymous_2)
FNF:3
FNH:3
FNDA:1,CharactersPage
FNDA:1,(anonymous_1)
FNDA:2,(anonymous_2)
DA:10,1
DA:12,1
DA:13,1
DA:16,1
DA:21,2
LF:5
LH:5
BRF:0
BRH:0
end_of_record
TN:
SF:src\pages\ContactPage.jsx
FN:3,(anonymous_0)
FN:5,(anonymous_1)
FNF:2
FNH:2
FNDA:1,(anonymous_0)
FNDA:1,(anonymous_1)
DA:3,1
DA:5,1
DA:6,1
DA:9,1
LF:4
LH:4
BRF:0
BRH:0
end_of_record
